11/29/2022 04:28:46 PM Starting new HTTPS connection (1): www.spotrac.com:443
11/29/2022 04:28:46 PM https://www.spotrac.com:443 "GET /nfl/ HTTP/1.1" 200 None
11/29/2022 04:28:46 PM Scraping team URLs...
11/29/2022 04:28:46 PM Appending https://www.spotrac.com/nfl/arizona-cardinals/cap/
11/29/2022 04:28:46 PM Appending https://www.spotrac.com/nfl/atlanta-falcons/cap/
11/29/2022 04:28:46 PM Appending https://www.spotrac.com/nfl/baltimore-ravens/cap/
11/29/2022 04:28:46 PM Appending https://www.spotrac.com/nfl/buffalo-bills/cap/
11/29/2022 04:28:46 PM Appending https://www.spotrac.com/nfl/carolina-panthers/cap/
11/29/2022 04:28:46 PM Appending https://www.spotrac.com/nfl/chicago-bears/cap/
11/29/2022 04:28:46 PM Appending https://www.spotrac.com/nfl/cincinnati-bengals/cap/
11/29/2022 04:28:46 PM Appending https://www.spotrac.com/nfl/cleveland-browns/cap/
11/29/2022 04:28:46 PM Appending https://www.spotrac.com/nfl/dallas-cowboys/cap/
11/29/2022 04:28:46 PM Appending https://www.spotrac.com/nfl/denver-broncos/cap/
11/29/2022 04:28:46 PM Appending https://www.spotrac.com/nfl/detroit-lions/cap/
11/29/2022 04:28:46 PM Appending https://www.spotrac.com/nfl/green-bay-packers/cap/
11/29/2022 04:28:46 PM Appending https://www.spotrac.com/nfl/houston-texans/cap/
11/29/2022 04:28:46 PM Appending https://www.spotrac.com/nfl/indianapolis-colts/cap/
11/29/2022 04:28:46 PM Appending https://www.spotrac.com/nfl/jacksonville-jaguars/cap/
11/29/2022 04:28:46 PM Appending https://www.spotrac.com/nfl/kansas-city-chiefs/cap/
11/29/2022 04:28:46 PM Appending https://www.spotrac.com/nfl/las-vegas-raiders/cap/
11/29/2022 04:28:46 PM Appending https://www.spotrac.com/nfl/los-angeles-chargers/cap/
11/29/2022 04:28:46 PM Appending https://www.spotrac.com/nfl/los-angeles-rams/cap/
11/29/2022 04:28:46 PM Appending https://www.spotrac.com/nfl/miami-dolphins/cap/
11/29/2022 04:28:46 PM Appending https://www.spotrac.com/nfl/minnesota-vikings/cap/
11/29/2022 04:28:46 PM Appending https://www.spotrac.com/nfl/new-england-patriots/cap/
11/29/2022 04:28:46 PM Appending https://www.spotrac.com/nfl/new-orleans-saints/cap/
11/29/2022 04:28:46 PM Appending https://www.spotrac.com/nfl/new-york-giants/cap/
11/29/2022 04:28:46 PM Appending https://www.spotrac.com/nfl/new-york-jets/cap/
11/29/2022 04:28:46 PM Appending https://www.spotrac.com/nfl/philadelphia-eagles/cap/
11/29/2022 04:28:46 PM Appending https://www.spotrac.com/nfl/pittsburgh-steelers/cap/
11/29/2022 04:28:46 PM Appending https://www.spotrac.com/nfl/san-francisco-49ers/cap/
11/29/2022 04:28:46 PM Appending https://www.spotrac.com/nfl/seattle-seahawks/cap/
11/29/2022 04:28:46 PM Appending https://www.spotrac.com/nfl/tampa-bay-buccaneers/cap/
11/29/2022 04:28:46 PM Appending https://www.spotrac.com/nfl/tennessee-titans/cap/
11/29/2022 04:28:46 PM Appending https://www.spotrac.com/nfl/washington-commanders/cap/
11/29/2022 04:28:46 PM Appending https://www.spotrac.com/nfl/arizona-cardinals/cap/
11/29/2022 04:28:46 PM Appending https://www.spotrac.com/nfl/arizona-cardinals/cap/
11/29/2022 04:28:46 PM Appending https://www.spotrac.com/nfl/arizona-cardinals/cap/
11/29/2022 04:28:46 PM Appending https://www.spotrac.com/nfl/arizona-cardinals/cap/
11/29/2022 04:28:46 PM Appending https://www.spotrac.com/nfl/atlanta-falcons/cap/
11/29/2022 04:28:46 PM Appending https://www.spotrac.com/nfl/atlanta-falcons/cap/
11/29/2022 04:28:46 PM Appending https://www.spotrac.com/nfl/atlanta-falcons/cap/
11/29/2022 04:28:46 PM Appending https://www.spotrac.com/nfl/atlanta-falcons/cap/
11/29/2022 04:28:46 PM Appending https://www.spotrac.com/nfl/baltimore-ravens/cap/
11/29/2022 04:28:46 PM Appending https://www.spotrac.com/nfl/baltimore-ravens/cap/
11/29/2022 04:28:46 PM Appending https://www.spotrac.com/nfl/baltimore-ravens/cap/
11/29/2022 04:28:46 PM Appending https://www.spotrac.com/nfl/baltimore-ravens/cap/
11/29/2022 04:28:46 PM Appending https://www.spotrac.com/nfl/buffalo-bills/cap/
11/29/2022 04:28:46 PM Appending https://www.spotrac.com/nfl/buffalo-bills/cap/
11/29/2022 04:28:46 PM Appending https://www.spotrac.com/nfl/buffalo-bills/cap/
11/29/2022 04:28:46 PM Appending https://www.spotrac.com/nfl/buffalo-bills/cap/
11/29/2022 04:28:46 PM Appending https://www.spotrac.com/nfl/carolina-panthers/cap/
11/29/2022 04:28:46 PM Appending https://www.spotrac.com/nfl/carolina-panthers/cap/
11/29/2022 04:28:46 PM Appending https://www.spotrac.com/nfl/carolina-panthers/cap/
11/29/2022 04:28:46 PM Appending https://www.spotrac.com/nfl/carolina-panthers/cap/
11/29/2022 04:28:46 PM Appending https://www.spotrac.com/nfl/chicago-bears/cap/
11/29/2022 04:28:46 PM Appending https://www.spotrac.com/nfl/chicago-bears/cap/
11/29/2022 04:28:46 PM Appending https://www.spotrac.com/nfl/chicago-bears/cap/
11/29/2022 04:28:46 PM Appending https://www.spotrac.com/nfl/chicago-bears/cap/
11/29/2022 04:28:46 PM Appending https://www.spotrac.com/nfl/cincinnati-bengals/cap/
11/29/2022 04:28:46 PM Appending https://www.spotrac.com/nfl/cincinnati-bengals/cap/
11/29/2022 04:28:46 PM Appending https://www.spotrac.com/nfl/cincinnati-bengals/cap/
11/29/2022 04:28:46 PM Appending https://www.spotrac.com/nfl/cincinnati-bengals/cap/
11/29/2022 04:28:46 PM Appending https://www.spotrac.com/nfl/cleveland-browns/cap/
11/29/2022 04:28:46 PM Appending https://www.spotrac.com/nfl/cleveland-browns/cap/
11/29/2022 04:28:46 PM Appending https://www.spotrac.com/nfl/cleveland-browns/cap/
11/29/2022 04:28:46 PM Appending https://www.spotrac.com/nfl/cleveland-browns/cap/
11/29/2022 04:28:46 PM Appending https://www.spotrac.com/nfl/dallas-cowboys/cap/
11/29/2022 04:28:46 PM Appending https://www.spotrac.com/nfl/dallas-cowboys/cap/
11/29/2022 04:28:46 PM Appending https://www.spotrac.com/nfl/dallas-cowboys/cap/
11/29/2022 04:28:46 PM Appending https://www.spotrac.com/nfl/dallas-cowboys/cap/
11/29/2022 04:28:46 PM Appending https://www.spotrac.com/nfl/denver-broncos/cap/
11/29/2022 04:28:46 PM Appending https://www.spotrac.com/nfl/denver-broncos/cap/
11/29/2022 04:28:46 PM Appending https://www.spotrac.com/nfl/denver-broncos/cap/
11/29/2022 04:28:46 PM Appending https://www.spotrac.com/nfl/denver-broncos/cap/
11/29/2022 04:28:46 PM Appending https://www.spotrac.com/nfl/detroit-lions/cap/
11/29/2022 04:28:46 PM Appending https://www.spotrac.com/nfl/detroit-lions/cap/
11/29/2022 04:28:46 PM Appending https://www.spotrac.com/nfl/detroit-lions/cap/
11/29/2022 04:28:46 PM Appending https://www.spotrac.com/nfl/detroit-lions/cap/
11/29/2022 04:28:46 PM Appending https://www.spotrac.com/nfl/green-bay-packers/cap/
11/29/2022 04:28:46 PM Appending https://www.spotrac.com/nfl/green-bay-packers/cap/
11/29/2022 04:28:46 PM Appending https://www.spotrac.com/nfl/green-bay-packers/cap/
11/29/2022 04:28:46 PM Appending https://www.spotrac.com/nfl/green-bay-packers/cap/
11/29/2022 04:28:46 PM Appending https://www.spotrac.com/nfl/houston-texans/cap/
11/29/2022 04:28:46 PM Appending https://www.spotrac.com/nfl/houston-texans/cap/
11/29/2022 04:28:46 PM Appending https://www.spotrac.com/nfl/houston-texans/cap/
11/29/2022 04:28:46 PM Appending https://www.spotrac.com/nfl/houston-texans/cap/
11/29/2022 04:28:46 PM Appending https://www.spotrac.com/nfl/indianapolis-colts/cap/
11/29/2022 04:28:46 PM Appending https://www.spotrac.com/nfl/indianapolis-colts/cap/
11/29/2022 04:28:46 PM Appending https://www.spotrac.com/nfl/indianapolis-colts/cap/
11/29/2022 04:28:46 PM Appending https://www.spotrac.com/nfl/indianapolis-colts/cap/
11/29/2022 04:28:46 PM Appending https://www.spotrac.com/nfl/jacksonville-jaguars/cap/
11/29/2022 04:28:46 PM Appending https://www.spotrac.com/nfl/jacksonville-jaguars/cap/
11/29/2022 04:28:46 PM Appending https://www.spotrac.com/nfl/jacksonville-jaguars/cap/
11/29/2022 04:28:46 PM Appending https://www.spotrac.com/nfl/jacksonville-jaguars/cap/
11/29/2022 04:28:46 PM Appending https://www.spotrac.com/nfl/kansas-city-chiefs/cap/
11/29/2022 04:28:46 PM Appending https://www.spotrac.com/nfl/kansas-city-chiefs/cap/
11/29/2022 04:28:46 PM Appending https://www.spotrac.com/nfl/kansas-city-chiefs/cap/
11/29/2022 04:28:46 PM Appending https://www.spotrac.com/nfl/kansas-city-chiefs/cap/
11/29/2022 04:28:46 PM Appending https://www.spotrac.com/nfl/las-vegas-raiders/cap/
11/29/2022 04:28:46 PM Appending https://www.spotrac.com/nfl/las-vegas-raiders/cap/
11/29/2022 04:28:46 PM Appending https://www.spotrac.com/nfl/las-vegas-raiders/cap/
11/29/2022 04:28:46 PM Appending https://www.spotrac.com/nfl/las-vegas-raiders/cap/
11/29/2022 04:28:46 PM Appending https://www.spotrac.com/nfl/los-angeles-chargers/cap/
11/29/2022 04:28:46 PM Appending https://www.spotrac.com/nfl/los-angeles-chargers/cap/
11/29/2022 04:28:46 PM Appending https://www.spotrac.com/nfl/los-angeles-chargers/cap/
11/29/2022 04:28:46 PM Appending https://www.spotrac.com/nfl/los-angeles-chargers/cap/
11/29/2022 04:28:46 PM Appending https://www.spotrac.com/nfl/los-angeles-rams/cap/
11/29/2022 04:28:46 PM Appending https://www.spotrac.com/nfl/los-angeles-rams/cap/
11/29/2022 04:28:46 PM Appending https://www.spotrac.com/nfl/los-angeles-rams/cap/
11/29/2022 04:28:46 PM Appending https://www.spotrac.com/nfl/los-angeles-rams/cap/
11/29/2022 04:28:46 PM Appending https://www.spotrac.com/nfl/miami-dolphins/cap/
11/29/2022 04:28:46 PM Appending https://www.spotrac.com/nfl/miami-dolphins/cap/
11/29/2022 04:28:46 PM Appending https://www.spotrac.com/nfl/miami-dolphins/cap/
11/29/2022 04:28:46 PM Appending https://www.spotrac.com/nfl/miami-dolphins/cap/
11/29/2022 04:28:46 PM Appending https://www.spotrac.com/nfl/minnesota-vikings/cap/
11/29/2022 04:28:46 PM Appending https://www.spotrac.com/nfl/minnesota-vikings/cap/
11/29/2022 04:28:46 PM Appending https://www.spotrac.com/nfl/minnesota-vikings/cap/
11/29/2022 04:28:46 PM Appending https://www.spotrac.com/nfl/minnesota-vikings/cap/
11/29/2022 04:28:46 PM Appending https://www.spotrac.com/nfl/new-england-patriots/cap/
11/29/2022 04:28:46 PM Appending https://www.spotrac.com/nfl/new-england-patriots/cap/
11/29/2022 04:28:46 PM Appending https://www.spotrac.com/nfl/new-england-patriots/cap/
11/29/2022 04:28:46 PM Appending https://www.spotrac.com/nfl/new-england-patriots/cap/
11/29/2022 04:28:46 PM Appending https://www.spotrac.com/nfl/new-orleans-saints/cap/
11/29/2022 04:28:46 PM Appending https://www.spotrac.com/nfl/new-orleans-saints/cap/
11/29/2022 04:28:46 PM Appending https://www.spotrac.com/nfl/new-orleans-saints/cap/
11/29/2022 04:28:46 PM Appending https://www.spotrac.com/nfl/new-orleans-saints/cap/
11/29/2022 04:28:46 PM Appending https://www.spotrac.com/nfl/new-york-giants/cap/
11/29/2022 04:28:46 PM Appending https://www.spotrac.com/nfl/new-york-giants/cap/
11/29/2022 04:28:46 PM Appending https://www.spotrac.com/nfl/new-york-giants/cap/
11/29/2022 04:28:46 PM Appending https://www.spotrac.com/nfl/new-york-giants/cap/
11/29/2022 04:28:46 PM Appending https://www.spotrac.com/nfl/new-york-jets/cap/
11/29/2022 04:28:46 PM Appending https://www.spotrac.com/nfl/new-york-jets/cap/
11/29/2022 04:28:46 PM Appending https://www.spotrac.com/nfl/new-york-jets/cap/
11/29/2022 04:28:46 PM Appending https://www.spotrac.com/nfl/new-york-jets/cap/
11/29/2022 04:28:46 PM Appending https://www.spotrac.com/nfl/philadelphia-eagles/cap/
11/29/2022 04:28:46 PM Appending https://www.spotrac.com/nfl/philadelphia-eagles/cap/
11/29/2022 04:28:46 PM Appending https://www.spotrac.com/nfl/philadelphia-eagles/cap/
11/29/2022 04:28:46 PM Appending https://www.spotrac.com/nfl/philadelphia-eagles/cap/
11/29/2022 04:28:46 PM Appending https://www.spotrac.com/nfl/pittsburgh-steelers/cap/
11/29/2022 04:28:46 PM Appending https://www.spotrac.com/nfl/pittsburgh-steelers/cap/
11/29/2022 04:28:46 PM Appending https://www.spotrac.com/nfl/pittsburgh-steelers/cap/
11/29/2022 04:28:46 PM Appending https://www.spotrac.com/nfl/pittsburgh-steelers/cap/
11/29/2022 04:28:46 PM Appending https://www.spotrac.com/nfl/san-francisco-49ers/cap/
11/29/2022 04:28:46 PM Appending https://www.spotrac.com/nfl/san-francisco-49ers/cap/
11/29/2022 04:28:46 PM Appending https://www.spotrac.com/nfl/san-francisco-49ers/cap/
11/29/2022 04:28:46 PM Appending https://www.spotrac.com/nfl/san-francisco-49ers/cap/
11/29/2022 04:28:46 PM Appending https://www.spotrac.com/nfl/seattle-seahawks/cap/
11/29/2022 04:28:46 PM Appending https://www.spotrac.com/nfl/seattle-seahawks/cap/
11/29/2022 04:28:46 PM Appending https://www.spotrac.com/nfl/seattle-seahawks/cap/
11/29/2022 04:28:46 PM Appending https://www.spotrac.com/nfl/seattle-seahawks/cap/
11/29/2022 04:28:46 PM Appending https://www.spotrac.com/nfl/tampa-bay-buccaneers/cap/
11/29/2022 04:28:46 PM Appending https://www.spotrac.com/nfl/tampa-bay-buccaneers/cap/
11/29/2022 04:28:46 PM Appending https://www.spotrac.com/nfl/tampa-bay-buccaneers/cap/
11/29/2022 04:28:46 PM Appending https://www.spotrac.com/nfl/tampa-bay-buccaneers/cap/
11/29/2022 04:28:46 PM Appending https://www.spotrac.com/nfl/tennessee-titans/cap/
11/29/2022 04:28:46 PM Appending https://www.spotrac.com/nfl/tennessee-titans/cap/
11/29/2022 04:28:46 PM Appending https://www.spotrac.com/nfl/tennessee-titans/cap/
11/29/2022 04:28:46 PM Appending https://www.spotrac.com/nfl/tennessee-titans/cap/
11/29/2022 04:28:46 PM Appending https://www.spotrac.com/nfl/washington-commanders/cap/
11/29/2022 04:28:46 PM Appending https://www.spotrac.com/nfl/washington-commanders/cap/
11/29/2022 04:28:46 PM Appending https://www.spotrac.com/nfl/washington-commanders/cap/
11/29/2022 04:28:46 PM Appending https://www.spotrac.com/nfl/washington-commanders/cap/
11/29/2022 04:28:46 PM Scraping team URLs done.
11/29/2022 04:28:46 PM Scraping the 2022 Houston Texans...
11/29/2022 04:28:46 PM Starting new HTTPS connection (1): www.spotrac.com:443
11/29/2022 04:28:47 PM https://www.spotrac.com:443 "GET /nfl/houston-texans/cap/ HTTP/1.1" 200 None
11/29/2022 04:28:47 PM Scraping team details for the 2022 Houston Texans...
11/29/2022 04:28:47 PM Scraping player details for the 2022 Houston Texans...
11/29/2022 04:28:47 PM Note: NumExpr detected 16 cores but "NUMEXPR_MAX_THREADS" not set, so enforcing safe limit of 8.
11/29/2022 04:28:47 PM NumExpr defaulting to 8 threads.
11/29/2022 04:28:47 PM Scraping the 2023 Houston Texans...
11/29/2022 04:28:47 PM Starting new HTTPS connection (1): www.spotrac.com:443
11/29/2022 04:28:48 PM https://www.spotrac.com:443 "GET /nfl/houston-texans/cap/2023/ HTTP/1.1" 200 None
11/29/2022 04:28:48 PM Scraping team details for the 2023 Houston Texans...
11/29/2022 04:28:48 PM Scraping player details for the 2023 Houston Texans...
11/29/2022 04:28:48 PM Scraping the 2022 Baltimore Ravens...
11/29/2022 04:28:48 PM Starting new HTTPS connection (1): www.spotrac.com:443
11/29/2022 04:28:48 PM https://www.spotrac.com:443 "GET /nfl/baltimore-ravens/cap/ HTTP/1.1" 200 None
11/29/2022 04:28:48 PM Scraping team details for the 2022 Baltimore Ravens...
11/29/2022 04:28:48 PM Scraping player details for the 2022 Baltimore Ravens...
11/29/2022 04:28:48 PM Scraping the 2023 Baltimore Ravens...
11/29/2022 04:28:48 PM Starting new HTTPS connection (1): www.spotrac.com:443
11/29/2022 04:28:49 PM https://www.spotrac.com:443 "GET /nfl/baltimore-ravens/cap/2023/ HTTP/1.1" 200 None
11/29/2022 04:28:49 PM Scraping team details for the 2023 Baltimore Ravens...
11/29/2022 04:28:49 PM Scraping player details for the 2023 Baltimore Ravens...
11/29/2022 04:28:49 PM Scraping the 2022 Los Angeles Rams...
11/29/2022 04:28:49 PM Starting new HTTPS connection (1): www.spotrac.com:443
11/29/2022 04:28:50 PM https://www.spotrac.com:443 "GET /nfl/los-angeles-rams/cap/ HTTP/1.1" 200 None
11/29/2022 04:28:50 PM Scraping team details for the 2022 Los Angeles Rams...
11/29/2022 04:28:50 PM Scraping player details for the 2022 Los Angeles Rams...
11/29/2022 04:28:50 PM Scraping the 2023 Los Angeles Rams...
11/29/2022 04:28:50 PM Starting new HTTPS connection (1): www.spotrac.com:443
11/29/2022 04:28:51 PM https://www.spotrac.com:443 "GET /nfl/los-angeles-rams/cap/2023/ HTTP/1.1" 200 None
11/29/2022 04:28:51 PM Scraping team details for the 2023 Los Angeles Rams...
11/29/2022 04:28:51 PM Scraping player details for the 2023 Los Angeles Rams...
11/29/2022 04:28:51 PM Scraping the 2022 Denver Broncos...
11/29/2022 04:28:51 PM Starting new HTTPS connection (1): www.spotrac.com:443
11/29/2022 04:28:51 PM https://www.spotrac.com:443 "GET /nfl/denver-broncos/cap/ HTTP/1.1" 200 None
11/29/2022 04:28:51 PM Scraping team details for the 2022 Denver Broncos...
11/29/2022 04:28:51 PM Scraping player details for the 2022 Denver Broncos...
11/29/2022 04:28:51 PM Scraping the 2023 Denver Broncos...
11/29/2022 04:28:51 PM Starting new HTTPS connection (1): www.spotrac.com:443
11/29/2022 04:28:52 PM https://www.spotrac.com:443 "GET /nfl/denver-broncos/cap/2023/ HTTP/1.1" 200 None
11/29/2022 04:28:52 PM Scraping team details for the 2023 Denver Broncos...
11/29/2022 04:28:52 PM Scraping player details for the 2023 Denver Broncos...
11/29/2022 04:28:52 PM Scraping the 2022 Carolina Panthers...
11/29/2022 04:28:52 PM Starting new HTTPS connection (1): www.spotrac.com:443
11/29/2022 04:28:52 PM https://www.spotrac.com:443 "GET /nfl/carolina-panthers/cap/ HTTP/1.1" 200 None
11/29/2022 04:28:52 PM Scraping team details for the 2022 Carolina Panthers...
11/29/2022 04:28:53 PM Scraping player details for the 2022 Carolina Panthers...
11/29/2022 04:28:53 PM Scraping the 2023 Carolina Panthers...
11/29/2022 04:28:53 PM Starting new HTTPS connection (1): www.spotrac.com:443
11/29/2022 04:28:53 PM https://www.spotrac.com:443 "GET /nfl/carolina-panthers/cap/2023/ HTTP/1.1" 200 None
11/29/2022 04:28:53 PM Scraping team details for the 2023 Carolina Panthers...
11/29/2022 04:28:53 PM Scraping player details for the 2023 Carolina Panthers...
11/29/2022 04:28:53 PM Scraping the 2022 Cleveland Browns...
11/29/2022 04:28:53 PM Starting new HTTPS connection (1): www.spotrac.com:443
11/29/2022 04:28:53 PM https://www.spotrac.com:443 "GET /nfl/cleveland-browns/cap/ HTTP/1.1" 200 None
11/29/2022 04:28:54 PM Scraping team details for the 2022 Cleveland Browns...
11/29/2022 04:28:54 PM Scraping player details for the 2022 Cleveland Browns...
11/29/2022 04:28:54 PM Scraping the 2023 Cleveland Browns...
11/29/2022 04:28:54 PM Starting new HTTPS connection (1): www.spotrac.com:443
11/29/2022 04:28:54 PM https://www.spotrac.com:443 "GET /nfl/cleveland-browns/cap/2023/ HTTP/1.1" 200 None
11/29/2022 04:28:54 PM Scraping team details for the 2023 Cleveland Browns...
11/29/2022 04:28:54 PM Scraping player details for the 2023 Cleveland Browns...
11/29/2022 04:28:54 PM Scraping the 2022 Detroit Lions...
11/29/2022 04:28:54 PM Starting new HTTPS connection (1): www.spotrac.com:443
11/29/2022 04:28:55 PM https://www.spotrac.com:443 "GET /nfl/detroit-lions/cap/ HTTP/1.1" 200 None
11/29/2022 04:28:55 PM Scraping team details for the 2022 Detroit Lions...
11/29/2022 04:28:55 PM Scraping player details for the 2022 Detroit Lions...
11/29/2022 04:28:55 PM Scraping the 2023 Detroit Lions...
11/29/2022 04:28:55 PM Starting new HTTPS connection (1): www.spotrac.com:443
11/29/2022 04:28:55 PM https://www.spotrac.com:443 "GET /nfl/detroit-lions/cap/2023/ HTTP/1.1" 200 None
11/29/2022 04:28:56 PM Scraping team details for the 2023 Detroit Lions...
11/29/2022 04:28:56 PM Scraping player details for the 2023 Detroit Lions...
11/29/2022 04:28:56 PM Scraping the 2022 New England Patriots...
11/29/2022 04:28:56 PM Starting new HTTPS connection (1): www.spotrac.com:443
11/29/2022 04:28:56 PM https://www.spotrac.com:443 "GET /nfl/new-england-patriots/cap/ HTTP/1.1" 200 None
11/29/2022 04:28:56 PM Scraping team details for the 2022 New England Patriots...
11/29/2022 04:28:56 PM Scraping player details for the 2022 New England Patriots...
11/29/2022 04:28:56 PM Scraping the 2023 New England Patriots...
11/29/2022 04:28:56 PM Starting new HTTPS connection (1): www.spotrac.com:443
11/29/2022 04:28:57 PM https://www.spotrac.com:443 "GET /nfl/new-england-patriots/cap/2023/ HTTP/1.1" 200 None
11/29/2022 04:28:57 PM Scraping team details for the 2023 New England Patriots...
11/29/2022 04:28:57 PM Scraping player details for the 2023 New England Patriots...
11/29/2022 04:28:57 PM Scraping the 2022 New Orleans Saints...
11/29/2022 04:28:57 PM Starting new HTTPS connection (1): www.spotrac.com:443
11/29/2022 04:28:58 PM https://www.spotrac.com:443 "GET /nfl/new-orleans-saints/cap/ HTTP/1.1" 200 None
11/29/2022 04:28:58 PM Scraping team details for the 2022 New Orleans Saints...
11/29/2022 04:28:58 PM Scraping player details for the 2022 New Orleans Saints...
11/29/2022 04:28:58 PM Scraping the 2023 New Orleans Saints...
11/29/2022 04:28:58 PM Starting new HTTPS connection (1): www.spotrac.com:443
11/29/2022 04:28:59 PM https://www.spotrac.com:443 "GET /nfl/new-orleans-saints/cap/2023/ HTTP/1.1" 200 None
11/29/2022 04:28:59 PM Scraping team details for the 2023 New Orleans Saints...
11/29/2022 04:28:59 PM Scraping player details for the 2023 New Orleans Saints...
11/29/2022 04:28:59 PM Scraping the 2022 Washington Commanders...
11/29/2022 04:28:59 PM Starting new HTTPS connection (1): www.spotrac.com:443
11/29/2022 04:28:59 PM https://www.spotrac.com:443 "GET /nfl/washington-commanders/cap/ HTTP/1.1" 200 None
11/29/2022 04:28:59 PM Scraping team details for the 2022 Washington Commanders...
11/29/2022 04:28:59 PM Scraping player details for the 2022 Washington Commanders...
11/29/2022 04:28:59 PM Scraping the 2023 Washington Commanders...
11/29/2022 04:28:59 PM Starting new HTTPS connection (1): www.spotrac.com:443
11/29/2022 04:29:00 PM https://www.spotrac.com:443 "GET /nfl/washington-commanders/cap/2023/ HTTP/1.1" 200 None
11/29/2022 04:29:00 PM Scraping team details for the 2023 Washington Commanders...
11/29/2022 04:29:00 PM Scraping player details for the 2023 Washington Commanders...
11/29/2022 04:29:00 PM Scraping the 2022 Tennessee Titans...
11/29/2022 04:29:00 PM Starting new HTTPS connection (1): www.spotrac.com:443
11/29/2022 04:29:00 PM https://www.spotrac.com:443 "GET /nfl/tennessee-titans/cap/ HTTP/1.1" 200 None
11/29/2022 04:29:00 PM Scraping team details for the 2022 Tennessee Titans...
11/29/2022 04:29:00 PM Scraping player details for the 2022 Tennessee Titans...
11/29/2022 04:29:00 PM Scraping the 2023 Tennessee Titans...
11/29/2022 04:29:00 PM Starting new HTTPS connection (1): www.spotrac.com:443
11/29/2022 04:29:01 PM https://www.spotrac.com:443 "GET /nfl/tennessee-titans/cap/2023/ HTTP/1.1" 200 None
11/29/2022 04:29:01 PM Scraping team details for the 2023 Tennessee Titans...
11/29/2022 04:29:01 PM Scraping player details for the 2023 Tennessee Titans...
11/29/2022 04:29:01 PM Scraping the 2022 New York Giants...
11/29/2022 04:29:01 PM Starting new HTTPS connection (1): www.spotrac.com:443
11/29/2022 04:29:01 PM https://www.spotrac.com:443 "GET /nfl/new-york-giants/cap/ HTTP/1.1" 200 None
11/29/2022 04:29:02 PM Scraping team details for the 2022 New York Giants...
11/29/2022 04:29:02 PM Scraping player details for the 2022 New York Giants...
11/29/2022 04:29:02 PM Scraping the 2023 New York Giants...
11/29/2022 04:29:02 PM Starting new HTTPS connection (1): www.spotrac.com:443
11/29/2022 04:29:02 PM https://www.spotrac.com:443 "GET /nfl/new-york-giants/cap/2023/ HTTP/1.1" 200 None
11/29/2022 04:29:02 PM Scraping team details for the 2023 New York Giants...
11/29/2022 04:29:02 PM Scraping player details for the 2023 New York Giants...
11/29/2022 04:29:02 PM Scraping the 2022 Seattle Seahawks...
11/29/2022 04:29:02 PM Starting new HTTPS connection (1): www.spotrac.com:443
11/29/2022 04:29:03 PM https://www.spotrac.com:443 "GET /nfl/seattle-seahawks/cap/ HTTP/1.1" 200 None
11/29/2022 04:29:03 PM Scraping team details for the 2022 Seattle Seahawks...
11/29/2022 04:29:03 PM Scraping player details for the 2022 Seattle Seahawks...
11/29/2022 04:29:03 PM Scraping the 2023 Seattle Seahawks...
11/29/2022 04:29:03 PM Starting new HTTPS connection (1): www.spotrac.com:443
11/29/2022 04:29:03 PM https://www.spotrac.com:443 "GET /nfl/seattle-seahawks/cap/2023/ HTTP/1.1" 200 None
11/29/2022 04:29:03 PM Scraping team details for the 2023 Seattle Seahawks...
11/29/2022 04:29:03 PM Scraping player details for the 2023 Seattle Seahawks...
11/29/2022 04:29:03 PM Scraping the 2022 Las Vegas Raiders...
11/29/2022 04:29:03 PM Starting new HTTPS connection (1): www.spotrac.com:443
11/29/2022 04:29:04 PM https://www.spotrac.com:443 "GET /nfl/las-vegas-raiders/cap/ HTTP/1.1" 200 None
11/29/2022 04:29:04 PM Scraping team details for the 2022 Las Vegas Raiders...
11/29/2022 04:29:04 PM Scraping player details for the 2022 Las Vegas Raiders...
11/29/2022 04:29:04 PM Scraping the 2023 Las Vegas Raiders...
11/29/2022 04:29:04 PM Starting new HTTPS connection (1): www.spotrac.com:443
11/29/2022 04:29:05 PM https://www.spotrac.com:443 "GET /nfl/las-vegas-raiders/cap/2023/ HTTP/1.1" 200 None
11/29/2022 04:29:05 PM Scraping team details for the 2023 Las Vegas Raiders...
11/29/2022 04:29:05 PM Scraping player details for the 2023 Las Vegas Raiders...
11/29/2022 04:29:05 PM Scraping the 2022 Miami Dolphins...
11/29/2022 04:29:05 PM Starting new HTTPS connection (1): www.spotrac.com:443
11/29/2022 04:29:06 PM https://www.spotrac.com:443 "GET /nfl/miami-dolphins/cap/ HTTP/1.1" 200 None
11/29/2022 04:29:06 PM Scraping team details for the 2022 Miami Dolphins...
11/29/2022 04:29:06 PM Scraping player details for the 2022 Miami Dolphins...
11/29/2022 04:29:06 PM Scraping the 2023 Miami Dolphins...
11/29/2022 04:29:06 PM Starting new HTTPS connection (1): www.spotrac.com:443
11/29/2022 04:29:06 PM https://www.spotrac.com:443 "GET /nfl/miami-dolphins/cap/2023/ HTTP/1.1" 200 None
11/29/2022 04:29:07 PM Scraping team details for the 2023 Miami Dolphins...
11/29/2022 04:29:07 PM Scraping player details for the 2023 Miami Dolphins...
11/29/2022 04:29:07 PM Scraping the 2022 Philadelphia Eagles...
11/29/2022 04:29:07 PM Starting new HTTPS connection (1): www.spotrac.com:443
11/29/2022 04:29:07 PM https://www.spotrac.com:443 "GET /nfl/philadelphia-eagles/cap/ HTTP/1.1" 200 None
11/29/2022 04:29:07 PM Scraping team details for the 2022 Philadelphia Eagles...
11/29/2022 04:29:07 PM Scraping player details for the 2022 Philadelphia Eagles...
11/29/2022 04:29:07 PM Scraping the 2023 Philadelphia Eagles...
11/29/2022 04:29:07 PM Starting new HTTPS connection (1): www.spotrac.com:443
11/29/2022 04:29:08 PM https://www.spotrac.com:443 "GET /nfl/philadelphia-eagles/cap/2023/ HTTP/1.1" 200 None
11/29/2022 04:29:08 PM Scraping team details for the 2023 Philadelphia Eagles...
11/29/2022 04:29:08 PM Scraping player details for the 2023 Philadelphia Eagles...
11/29/2022 04:29:08 PM Scraping the 2022 Kansas City Chiefs...
11/29/2022 04:29:08 PM Starting new HTTPS connection (1): www.spotrac.com:443
11/29/2022 04:29:08 PM https://www.spotrac.com:443 "GET /nfl/kansas-city-chiefs/cap/ HTTP/1.1" 200 None
11/29/2022 04:29:09 PM Scraping team details for the 2022 Kansas City Chiefs...
11/29/2022 04:29:09 PM Scraping player details for the 2022 Kansas City Chiefs...
11/29/2022 04:29:09 PM Scraping the 2023 Kansas City Chiefs...
11/29/2022 04:29:09 PM Starting new HTTPS connection (1): www.spotrac.com:443
11/29/2022 04:29:09 PM https://www.spotrac.com:443 "GET /nfl/kansas-city-chiefs/cap/2023/ HTTP/1.1" 200 None
11/29/2022 04:29:09 PM Scraping team details for the 2023 Kansas City Chiefs...
11/29/2022 04:29:09 PM Scraping player details for the 2023 Kansas City Chiefs...
11/29/2022 04:29:09 PM Scraping the 2022 Dallas Cowboys...
11/29/2022 04:29:09 PM Starting new HTTPS connection (1): www.spotrac.com:443
11/29/2022 04:29:10 PM https://www.spotrac.com:443 "GET /nfl/dallas-cowboys/cap/ HTTP/1.1" 200 None
11/29/2022 04:29:10 PM Scraping team details for the 2022 Dallas Cowboys...
11/29/2022 04:29:10 PM Scraping player details for the 2022 Dallas Cowboys...
11/29/2022 04:29:10 PM Scraping the 2023 Dallas Cowboys...
11/29/2022 04:29:10 PM Starting new HTTPS connection (1): www.spotrac.com:443
11/29/2022 04:29:11 PM https://www.spotrac.com:443 "GET /nfl/dallas-cowboys/cap/2023/ HTTP/1.1" 200 None
11/29/2022 04:29:11 PM Scraping team details for the 2023 Dallas Cowboys...
11/29/2022 04:29:11 PM Scraping player details for the 2023 Dallas Cowboys...
11/29/2022 04:29:11 PM Scraping the 2022 Minnesota Vikings...
11/29/2022 04:29:11 PM Starting new HTTPS connection (1): www.spotrac.com:443
11/29/2022 04:29:11 PM https://www.spotrac.com:443 "GET /nfl/minnesota-vikings/cap/ HTTP/1.1" 200 None
11/29/2022 04:29:12 PM Scraping team details for the 2022 Minnesota Vikings...
11/29/2022 04:29:12 PM Scraping player details for the 2022 Minnesota Vikings...
11/29/2022 04:29:12 PM Scraping the 2023 Minnesota Vikings...
11/29/2022 04:29:12 PM Starting new HTTPS connection (1): www.spotrac.com:443
11/29/2022 04:29:12 PM https://www.spotrac.com:443 "GET /nfl/minnesota-vikings/cap/2023/ HTTP/1.1" 200 None
11/29/2022 04:29:12 PM Scraping team details for the 2023 Minnesota Vikings...
11/29/2022 04:29:12 PM Scraping player details for the 2023 Minnesota Vikings...
11/29/2022 04:29:12 PM Scraping the 2022 Green Bay Packers...
11/29/2022 04:29:12 PM Starting new HTTPS connection (1): www.spotrac.com:443
11/29/2022 04:29:13 PM https://www.spotrac.com:443 "GET /nfl/green-bay-packers/cap/ HTTP/1.1" 200 None
11/29/2022 04:29:13 PM Scraping team details for the 2022 Green Bay Packers...
11/29/2022 04:29:13 PM Scraping player details for the 2022 Green Bay Packers...
11/29/2022 04:29:13 PM Scraping the 2023 Green Bay Packers...
11/29/2022 04:29:13 PM Starting new HTTPS connection (1): www.spotrac.com:443
11/29/2022 04:29:13 PM https://www.spotrac.com:443 "GET /nfl/green-bay-packers/cap/2023/ HTTP/1.1" 200 None
11/29/2022 04:29:13 PM Scraping team details for the 2023 Green Bay Packers...
11/29/2022 04:29:13 PM Scraping player details for the 2023 Green Bay Packers...
11/29/2022 04:29:13 PM Scraping the 2022 New York Jets...
11/29/2022 04:29:13 PM Starting new HTTPS connection (1): www.spotrac.com:443
11/29/2022 04:29:14 PM https://www.spotrac.com:443 "GET /nfl/new-york-jets/cap/ HTTP/1.1" 200 None
11/29/2022 04:29:14 PM Scraping team details for the 2022 New York Jets...
11/29/2022 04:29:14 PM Scraping player details for the 2022 New York Jets...
11/29/2022 04:29:14 PM Scraping the 2023 New York Jets...
11/29/2022 04:29:14 PM Starting new HTTPS connection (1): www.spotrac.com:443
11/29/2022 04:29:14 PM https://www.spotrac.com:443 "GET /nfl/new-york-jets/cap/2023/ HTTP/1.1" 200 None
11/29/2022 04:29:14 PM Scraping team details for the 2023 New York Jets...
11/29/2022 04:29:14 PM Scraping player details for the 2023 New York Jets...
11/29/2022 04:29:14 PM Scraping the 2022 Atlanta Falcons...
11/29/2022 04:29:14 PM Starting new HTTPS connection (1): www.spotrac.com:443
11/29/2022 04:29:15 PM https://www.spotrac.com:443 "GET /nfl/atlanta-falcons/cap/ HTTP/1.1" 200 None
11/29/2022 04:29:16 PM Scraping team details for the 2022 Atlanta Falcons...
11/29/2022 04:29:16 PM Scraping player details for the 2022 Atlanta Falcons...
11/29/2022 04:29:16 PM Scraping the 2023 Atlanta Falcons...
11/29/2022 04:29:16 PM Starting new HTTPS connection (1): www.spotrac.com:443
11/29/2022 04:29:16 PM https://www.spotrac.com:443 "GET /nfl/atlanta-falcons/cap/2023/ HTTP/1.1" 200 None
11/29/2022 04:29:16 PM Scraping team details for the 2023 Atlanta Falcons...
11/29/2022 04:29:16 PM Scraping player details for the 2023 Atlanta Falcons...
11/29/2022 04:29:16 PM Scraping the 2022 Buffalo Bills...
11/29/2022 04:29:16 PM Starting new HTTPS connection (1): www.spotrac.com:443
11/29/2022 04:29:16 PM https://www.spotrac.com:443 "GET /nfl/buffalo-bills/cap/ HTTP/1.1" 200 None
11/29/2022 04:29:17 PM Scraping team details for the 2022 Buffalo Bills...
11/29/2022 04:29:17 PM Scraping player details for the 2022 Buffalo Bills...
11/29/2022 04:29:17 PM Scraping the 2023 Buffalo Bills...
11/29/2022 04:29:17 PM Starting new HTTPS connection (1): www.spotrac.com:443
11/29/2022 04:29:17 PM https://www.spotrac.com:443 "GET /nfl/buffalo-bills/cap/2023/ HTTP/1.1" 200 None
11/29/2022 04:29:17 PM Scraping team details for the 2023 Buffalo Bills...
11/29/2022 04:29:17 PM Scraping player details for the 2023 Buffalo Bills...
11/29/2022 04:29:17 PM Scraping the 2022 Pittsburgh Steelers...
11/29/2022 04:29:17 PM Starting new HTTPS connection (1): www.spotrac.com:443
11/29/2022 04:29:18 PM https://www.spotrac.com:443 "GET /nfl/pittsburgh-steelers/cap/ HTTP/1.1" 200 None
11/29/2022 04:29:18 PM Scraping team details for the 2022 Pittsburgh Steelers...
11/29/2022 04:29:18 PM Scraping player details for the 2022 Pittsburgh Steelers...
11/29/2022 04:29:18 PM Scraping the 2023 Pittsburgh Steelers...
11/29/2022 04:29:18 PM Starting new HTTPS connection (1): www.spotrac.com:443
11/29/2022 04:29:18 PM https://www.spotrac.com:443 "GET /nfl/pittsburgh-steelers/cap/2023/ HTTP/1.1" 200 None
11/29/2022 04:29:18 PM Scraping team details for the 2023 Pittsburgh Steelers...
11/29/2022 04:29:18 PM Scraping player details for the 2023 Pittsburgh Steelers...
11/29/2022 04:29:18 PM Scraping the 2022 Arizona Cardinals...
11/29/2022 04:29:18 PM Starting new HTTPS connection (1): www.spotrac.com:443
11/29/2022 04:29:19 PM https://www.spotrac.com:443 "GET /nfl/arizona-cardinals/cap/ HTTP/1.1" 200 None
11/29/2022 04:29:19 PM Scraping team details for the 2022 Arizona Cardinals...
11/29/2022 04:29:19 PM Scraping player details for the 2022 Arizona Cardinals...
11/29/2022 04:29:19 PM Scraping the 2023 Arizona Cardinals...
11/29/2022 04:29:19 PM Starting new HTTPS connection (1): www.spotrac.com:443
11/29/2022 04:29:20 PM https://www.spotrac.com:443 "GET /nfl/arizona-cardinals/cap/2023/ HTTP/1.1" 200 None
11/29/2022 04:29:20 PM Scraping team details for the 2023 Arizona Cardinals...
11/29/2022 04:29:20 PM Scraping player details for the 2023 Arizona Cardinals...
11/29/2022 04:29:20 PM Scraping the 2022 Chicago Bears...
11/29/2022 04:29:20 PM Starting new HTTPS connection (1): www.spotrac.com:443
11/29/2022 04:29:20 PM https://www.spotrac.com:443 "GET /nfl/chicago-bears/cap/ HTTP/1.1" 200 None
11/29/2022 04:29:20 PM Scraping team details for the 2022 Chicago Bears...
11/29/2022 04:29:20 PM Scraping player details for the 2022 Chicago Bears...
11/29/2022 04:29:20 PM Scraping the 2023 Chicago Bears...
11/29/2022 04:29:20 PM Starting new HTTPS connection (1): www.spotrac.com:443
11/29/2022 04:29:21 PM https://www.spotrac.com:443 "GET /nfl/chicago-bears/cap/2023/ HTTP/1.1" 200 None
11/29/2022 04:29:21 PM Scraping team details for the 2023 Chicago Bears...
11/29/2022 04:29:21 PM Scraping player details for the 2023 Chicago Bears...
11/29/2022 04:29:21 PM Scraping the 2022 Tampa Bay Buccaneers...
11/29/2022 04:29:21 PM Starting new HTTPS connection (1): www.spotrac.com:443
11/29/2022 04:29:21 PM https://www.spotrac.com:443 "GET /nfl/tampa-bay-buccaneers/cap/ HTTP/1.1" 200 None
11/29/2022 04:29:21 PM Scraping team details for the 2022 Tampa Bay Buccaneers...
11/29/2022 04:29:21 PM Scraping player details for the 2022 Tampa Bay Buccaneers...
11/29/2022 04:29:21 PM Scraping the 2023 Tampa Bay Buccaneers...
11/29/2022 04:29:21 PM Starting new HTTPS connection (1): www.spotrac.com:443
11/29/2022 04:29:22 PM https://www.spotrac.com:443 "GET /nfl/tampa-bay-buccaneers/cap/2023/ HTTP/1.1" 200 None
11/29/2022 04:29:22 PM Scraping team details for the 2023 Tampa Bay Buccaneers...
11/29/2022 04:29:22 PM Scraping player details for the 2023 Tampa Bay Buccaneers...
11/29/2022 04:29:22 PM Scraping the 2022 Los Angeles Chargers...
11/29/2022 04:29:22 PM Starting new HTTPS connection (1): www.spotrac.com:443
11/29/2022 04:29:22 PM https://www.spotrac.com:443 "GET /nfl/los-angeles-chargers/cap/ HTTP/1.1" 200 None
11/29/2022 04:29:22 PM Scraping team details for the 2022 Los Angeles Chargers...
11/29/2022 04:29:23 PM Scraping player details for the 2022 Los Angeles Chargers...
11/29/2022 04:29:23 PM Scraping the 2023 Los Angeles Chargers...
11/29/2022 04:29:23 PM Starting new HTTPS connection (1): www.spotrac.com:443
11/29/2022 04:29:23 PM https://www.spotrac.com:443 "GET /nfl/los-angeles-chargers/cap/2023/ HTTP/1.1" 200 None
11/29/2022 04:29:23 PM Scraping team details for the 2023 Los Angeles Chargers...
11/29/2022 04:29:23 PM Scraping player details for the 2023 Los Angeles Chargers...
11/29/2022 04:29:23 PM Scraping the 2022 Cincinnati Bengals...
11/29/2022 04:29:23 PM Starting new HTTPS connection (1): www.spotrac.com:443
11/29/2022 04:29:23 PM https://www.spotrac.com:443 "GET /nfl/cincinnati-bengals/cap/ HTTP/1.1" 200 None
11/29/2022 04:29:24 PM Scraping team details for the 2022 Cincinnati Bengals...
11/29/2022 04:29:24 PM Scraping player details for the 2022 Cincinnati Bengals...
11/29/2022 04:29:24 PM Scraping the 2023 Cincinnati Bengals...
11/29/2022 04:29:24 PM Starting new HTTPS connection (1): www.spotrac.com:443
11/29/2022 04:29:24 PM https://www.spotrac.com:443 "GET /nfl/cincinnati-bengals/cap/2023/ HTTP/1.1" 200 None
11/29/2022 04:29:24 PM Scraping team details for the 2023 Cincinnati Bengals...
11/29/2022 04:29:24 PM Scraping player details for the 2023 Cincinnati Bengals...
11/29/2022 04:29:24 PM Scraping the 2022 San Francisco 49Ers...
11/29/2022 04:29:24 PM Starting new HTTPS connection (1): www.spotrac.com:443
11/29/2022 04:29:25 PM https://www.spotrac.com:443 "GET /nfl/san-francisco-49ers/cap/ HTTP/1.1" 200 None
11/29/2022 04:29:25 PM Scraping team details for the 2022 San Francisco 49Ers...
11/29/2022 04:29:25 PM Scraping player details for the 2022 San Francisco 49Ers...
11/29/2022 04:29:25 PM Scraping the 2023 San Francisco 49Ers...
11/29/2022 04:29:25 PM Starting new HTTPS connection (1): www.spotrac.com:443
11/29/2022 04:29:25 PM https://www.spotrac.com:443 "GET /nfl/san-francisco-49ers/cap/2023/ HTTP/1.1" 200 None
11/29/2022 04:29:25 PM Scraping team details for the 2023 San Francisco 49Ers...
11/29/2022 04:29:25 PM Scraping player details for the 2023 San Francisco 49Ers...
11/29/2022 04:29:26 PM Scraping the 2022 Indianapolis Colts...
11/29/2022 04:29:26 PM Starting new HTTPS connection (1): www.spotrac.com:443
11/29/2022 04:29:26 PM https://www.spotrac.com:443 "GET /nfl/indianapolis-colts/cap/ HTTP/1.1" 200 None
11/29/2022 04:29:26 PM Scraping team details for the 2022 Indianapolis Colts...
11/29/2022 04:29:26 PM Scraping player details for the 2022 Indianapolis Colts...
11/29/2022 04:29:26 PM Scraping the 2023 Indianapolis Colts...
11/29/2022 04:29:26 PM Starting new HTTPS connection (1): www.spotrac.com:443
11/29/2022 04:29:27 PM https://www.spotrac.com:443 "GET /nfl/indianapolis-colts/cap/2023/ HTTP/1.1" 200 None
11/29/2022 04:29:27 PM Scraping team details for the 2023 Indianapolis Colts...
11/29/2022 04:29:27 PM Scraping player details for the 2023 Indianapolis Colts...
11/29/2022 04:29:27 PM Scraping the 2022 Jacksonville Jaguars...
11/29/2022 04:29:27 PM Starting new HTTPS connection (1): www.spotrac.com:443
11/29/2022 04:29:27 PM https://www.spotrac.com:443 "GET /nfl/jacksonville-jaguars/cap/ HTTP/1.1" 200 None
11/29/2022 04:29:27 PM Scraping team details for the 2022 Jacksonville Jaguars...
11/29/2022 04:29:27 PM Scraping player details for the 2022 Jacksonville Jaguars...
11/29/2022 04:29:27 PM Scraping the 2023 Jacksonville Jaguars...
11/29/2022 04:29:27 PM Starting new HTTPS connection (1): www.spotrac.com:443
11/29/2022 04:29:28 PM https://www.spotrac.com:443 "GET /nfl/jacksonville-jaguars/cap/2023/ HTTP/1.1" 200 None
11/29/2022 04:29:28 PM Scraping team details for the 2023 Jacksonville Jaguars...
11/29/2022 04:29:28 PM Scraping player details for the 2023 Jacksonville Jaguars...
11/29/2022 04:29:28 PM Exporting player_details
11/29/2022 04:29:28 PM Exporting team_details_22
11/29/2022 04:29:28 PM Exporting team_details_23
